<?xml version="1.0" encoding="UTF-8"?>
<!-- Generated by org.testng.reporters.JUnitReportReporter -->
<testsuite hostname="DESKTOP-9ERC48F" failures="0" tests="3" name="pack.Test_Fcb" time="152.061" errors="0" timestamp="2021-02-06T10:13:16 CET" skipped="0">
  <testcase classname="pack.Test_Fcb" name="Test1" time="57.403"/>
  <system-out/>
  <testcase classname="pack.Test_Fcb" name="Test1" time="42.645"/>
  <system-out/>
  <testcase classname="pack.Test_Fcb" name="Test1" time="52.013"/>
  <system-out/>
</testsuite> <!-- pack.Test_Fcb -->
